This file contains any messages produced by compilers while
running configure, to aid debugging if configure makes a mistake.

It was created by cif-protocol configure Protocol Buffers/Thrift IDL files used across the CIF platform, which was
generated by GNU Autoconf 2.63.  Invocation command line was

  $ ./configure 

## --------- ##
## Platform. ##
## --------- ##

hostname = sdev.nickelsoft.com
uname -m = x86_64
uname -r = 2.6.32-220.7.1.el6.x86_64
uname -s = Linux
uname -v = #1 SMP Wed Mar 7 00:52:02 GMT 2012

/usr/bin/uname -p = unknown
/bin/uname -X     = unknown

/bin/arch              = x86_64
/usr/bin/arch -k       = unknown
/usr/convex/getsysinfo = unknown
/usr/bin/hostinfo      = unknown
/bin/machine           = unknown
/usr/bin/oslevel       = unknown
/bin/universe          = unknown

PATH: /usr/lib64/qt-3.3/bin
PATH: /usr/local/bin
PATH: /bin
PATH: /usr/bin
PATH: /usr/local/sbin
PATH: /usr/sbin
PATH: /sbin
PATH: /home/jcmurphy/bin


## ----------- ##
## Core tests. ##
## ----------- ##

configure:1855: checking for a BSD-compatible install
configure:1923: result: /usr/bin/install -c
configure:1934: checking whether build environment is sane
configure:1994: result: yes
configure:2135: checking for a thread-safe mkdir -p
configure:2174: result: /bin/mkdir -p
configure:2187: checking for gawk
configure:2203: found /bin/gawk
configure:2214: result: gawk
configure:2225: checking whether make sets $(MAKE)
configure:2247: result: yes
configure:2389: checking for g++
configure:2405: found /usr/bin/g++
configure:2416: result: g++
configure:2443: checking for C++ compiler version
configure:2451: g++ --version >&5
g++ (GCC) 4.4.6 20110731 (Red Hat 4.4.6-3)
Copyright (C) 2010 Free Software Foundation, Inc.
This is free software; see the source for copying conditions.  There is NO
warranty; not even for MERCHANTABILITY or FITNESS FOR A PARTICULAR PURPOSE.

configure:2455: $? = 0
configure:2462: g++ -v >&5
Using built-in specs.
Target: x86_64-redhat-linux
Configured with: ../configure --prefix=/usr --mandir=/usr/share/man --infodir=/usr/share/info --with-bugurl=http://bugzilla.redhat.com/bugzilla --enable-bootstrap --enable-shared --enable-threads=posix --enable-checking=release --with-system-zlib --enable-__cxa_atexit --disable-libunwind-exceptions --enable-gnu-unique-object --enable-languages=c,c++,objc,obj-c++,java,fortran,ada --enable-java-awt=gtk --disable-dssi --with-java-home=/usr/lib/jvm/java-1.5.0-gcj-1.5.0.0/jre --enable-libgcj-multifile --enable-java-maintainer-mode --with-ecj-jar=/usr/share/java/eclipse-ecj.jar --disable-libjava-multilib --with-ppl --with-cloog --with-tune=generic --with-arch_32=i686 --build=x86_64-redhat-linux
Thread model: posix
gcc version 4.4.6 20110731 (Red Hat 4.4.6-3) (GCC) 
configure:2466: $? = 0
configure:2473: g++ -V >&5
g++: '-V' option must have argument
configure:2477: $? = 1
configure:2500: checking for C++ compiler default output file name
configure:2522: g++    conftest.cpp  >&5
configure:2526: $? = 0
configure:2564: result: a.out
configure:2583: checking whether the C++ compiler works
configure:2593: ./a.out
configure:2597: $? = 0
configure:2616: result: yes
configure:2623: checking whether we are cross compiling
configure:2625: result: no
configure:2628: checking for suffix of executables
configure:2635: g++ -o conftest    conftest.cpp  >&5
configure:2639: $? = 0
configure:2665: result: 
configure:2671: checking for suffix of object files
configure:2697: g++ -c   conftest.cpp >&5
configure:2701: $? = 0
configure:2726: result: o
configure:2730: checking whether we are using the GNU C++ compiler
configure:2759: g++ -c   conftest.cpp >&5
configure:2766: $? = 0
configure:2783: result: yes
configure:2792: checking whether g++ accepts -g
configure:2822: g++ -c -g  conftest.cpp >&5
configure:2829: $? = 0
configure:2930: result: yes
configure:2964: checking for style of include used by make
configure:2992: result: GNU
configure:3017: checking dependency style of g++
configure:3127: result: none
configure:3190: checking for gcc
configure:3206: found /usr/bin/gcc
configure:3217: result: gcc
configure:3449: checking for C compiler version
configure:3457: gcc --version >&5
gcc (GCC) 4.4.6 20110731 (Red Hat 4.4.6-3)
Copyright (C) 2010 Free Software Foundation, Inc.
This is free software; see the source for copying conditions.  There is NO
warranty; not even for MERCHANTABILITY or FITNESS FOR A PARTICULAR PURPOSE.

configure:3461: $? = 0
configure:3468: gcc -v >&5
Using built-in specs.
Target: x86_64-redhat-linux
Configured with: ../configure --prefix=/usr --mandir=/usr/share/man --infodir=/usr/share/info --with-bugurl=http://bugzilla.redhat.com/bugzilla --enable-bootstrap --enable-shared --enable-threads=posix --enable-checking=release --with-system-zlib --enable-__cxa_atexit --disable-libunwind-exceptions --enable-gnu-unique-object --enable-languages=c,c++,objc,obj-c++,java,fortran,ada --enable-java-awt=gtk --disable-dssi --with-java-home=/usr/lib/jvm/java-1.5.0-gcj-1.5.0.0/jre --enable-libgcj-multifile --enable-java-maintainer-mode --with-ecj-jar=/usr/share/java/eclipse-ecj.jar --disable-libjava-multilib --with-ppl --with-cloog --with-tune=generic --with-arch_32=i686 --build=x86_64-redhat-linux
Thread model: posix
gcc version 4.4.6 20110731 (Red Hat 4.4.6-3) (GCC) 
configure:3472: $? = 0
configure:3479: gcc -V >&5
gcc: '-V' option must have argument
configure:3483: $? = 1
configure:3486: checking whether we are using the GNU C compiler
configure:3515: gcc -c   conftest.c >&5
configure:3522: $? = 0
configure:3539: result: yes
configure:3548: checking whether gcc accepts -g
configure:3578: gcc -c -g  conftest.c >&5
configure:3585: $? = 0
configure:3686: result: yes
configure:3703: checking for gcc option to accept ISO C89
configure:3777: gcc  -c -g -O2  conftest.c >&5
configure:3784: $? = 0
configure:3807: result: none needed
configure:3827: checking dependency style of gcc
configure:3937: result: none
configure:3955: checking for perl
configure:3973: found /usr/bin/perl
configure:3986: result: /usr/bin/perl
configure:3997: checking for python
configure:4015: found /usr/bin/python
configure:4028: result: /usr/bin/python
configure:4039: checking for xsd2idl
configure:4057: found /usr/local/bin/xsd2idl
configure:4070: result: /usr/local/bin/xsd2idl
configure:4080: checking for git
configure:4096: found /usr/bin/git
configure:4108: result: yes
configure:4159: checking for protoc
configure:4177: found /usr/local/bin/protoc
configure:4190: result: /usr/local/bin/protoc
configure:4209: checking for thrift
configure:4227: found /usr/local/bin/thrift
configure:4240: result: /usr/local/bin/thrift
configure:4288: checking for /usr/local/bin/thrift >= 0.8.0
configure:4291: result: 0.8.0
configure:4299: checking for /usr/local/bin/protoc >= 2.4.1
configure:4302: result: 2.4.1
configure:4486: creating ./config.status

## ---------------------- ##
## Running config.status. ##
## ---------------------- ##

This file was extended by cif-protocol config.status Protocol Buffers/Thrift IDL files used across the CIF platform, which was
generated by GNU Autoconf 2.63.  Invocation command line was

  CONFIG_FILES    = 
  CONFIG_HEADERS  = 
  CONFIG_LINKS    = 
  CONFIG_COMMANDS = 
  $ ./config.status 

on sdev.nickelsoft.com

config.status:706: creating Makefile
config.status:706: creating src/Makefile
config.status:917: executing depfiles commands

## ---------------- ##
## Cache variables. ##
## ---------------- ##

ac_cv_c_compiler_gnu=yes
ac_cv_cxx_compiler_gnu=yes
ac_cv_env_CCC_set=
ac_cv_env_CCC_value=
ac_cv_env_CC_set=
ac_cv_env_CC_value=
ac_cv_env_CFLAGS_set=
ac_cv_env_CFLAGS_value=
ac_cv_env_CPPFLAGS_set=
ac_cv_env_CPPFLAGS_value=
ac_cv_env_CXXFLAGS_set=
ac_cv_env_CXXFLAGS_value=
ac_cv_env_CXX_set=
ac_cv_env_CXX_value=
ac_cv_env_LDFLAGS_set=
ac_cv_env_LDFLAGS_value=
ac_cv_env_LIBS_set=
ac_cv_env_LIBS_value=
ac_cv_env_build_alias_set=
ac_cv_env_build_alias_value=
ac_cv_env_host_alias_set=
ac_cv_env_host_alias_value=
ac_cv_env_target_alias_set=
ac_cv_env_target_alias_value=
ac_cv_objext=o
ac_cv_path_PERL=/usr/bin/perl
ac_cv_path_PROTOC=/usr/local/bin/protoc
ac_cv_path_PYTHON=/usr/bin/python
ac_cv_path_THRIFT=/usr/local/bin/thrift
ac_cv_path_XSD2IDL=/usr/local/bin/xsd2idl
ac_cv_path_install='/usr/bin/install -c'
ac_cv_path_mkdir=/bin/mkdir
ac_cv_prog_AWK=gawk
ac_cv_prog_GIT=yes
ac_cv_prog_ac_ct_CC=gcc
ac_cv_prog_ac_ct_CXX=g++
ac_cv_prog_cc_c89=
ac_cv_prog_cc_g=yes
ac_cv_prog_cxx_g=yes
ac_cv_prog_make_make_set=yes
am_cv_CC_dependencies_compiler_type=none
am_cv_CXX_dependencies_compiler_type=none

## ----------------- ##
## Output variables. ##
## ----------------- ##

ACLOCAL='${SHELL} /media/psf/Home/git/cif-protocol/missing --run aclocal-1.11'
AMDEPBACKSLASH='\'
AMDEP_FALSE='#'
AMDEP_TRUE=''
AMTAR='${SHELL} /media/psf/Home/git/cif-protocol/missing --run tar'
AUTOCONF='${SHELL} /media/psf/Home/git/cif-protocol/missing --run autoconf'
AUTOHEADER='${SHELL} /media/psf/Home/git/cif-protocol/missing --run autoheader'
AUTOMAKE='${SHELL} /media/psf/Home/git/cif-protocol/missing --run automake-1.11'
AWK='gawk'
BUILD='v0.00.02-8-gd50131a'
CC='gcc'
CCDEPMODE='depmode=none'
CFLAGS='-g -O2'
CPPFLAGS=''
CXX='g++'
CXXDEPMODE='depmode=none'
CXXFLAGS='-g -O2'
CYGPATH_W='echo'
DEFS='-DPACKAGE_NAME=\"cif-protocol\" -DPACKAGE_TARNAME=\"cif-protocol\" -DPACKAGE_VERSION=\"Protocol\ Buffers/Thrift\ IDL\ files\ used\ across\ the\ CIF\ platform\" -DPACKAGE_STRING=\"cif-protocol\ Protocol\ Buffers/Thrift\ IDL\ files\ used\ across\ the\ CIF\ platform\" -DPACKAGE_BUGREPORT=\"ci-framework@googlegroups.com\" -DPACKAGE=\"cif-protocol\" -DVERSION=\"Protocol\ Buffers/Thrift\ IDL\ files\ used\ across\ the\ CIF\ platform\"'
DEPDIR='.deps'
ECHO_C=''
ECHO_N='-n'
ECHO_T=''
EXEEXT=''
GIT='yes'
INSTALL_DATA='${INSTALL} -m 644'
INSTALL_PROGRAM='${INSTALL}'
INSTALL_SCRIPT='${INSTALL}'
INSTALL_STRIP_PROGRAM='$(install_sh) -c -s'
LDFLAGS=''
LIBOBJS=''
LIBS=''
LTLIBOBJS=''
MAKEINFO='${SHELL} /media/psf/Home/git/cif-protocol/missing --run makeinfo'
MKDIR_P='/bin/mkdir -p'
OBJEXT='o'
PACKAGE='cif-protocol'
PACKAGE_BUGREPORT='ci-framework@googlegroups.com'
PACKAGE_NAME='cif-protocol'
PACKAGE_STRING='cif-protocol Protocol Buffers/Thrift IDL files used across the CIF platform'
PACKAGE_TARNAME='cif-protocol'
PACKAGE_VERSION='Protocol Buffers/Thrift IDL files used across the CIF platform'
PATH_SEPARATOR=':'
PERL='/usr/bin/perl'
PROTOC='/usr/local/bin/protoc'
PYTHON='/usr/bin/python'
SET_MAKE=''
SHELL='/bin/sh'
STRIP=''
TARGETS='xsd2idl  pb_C thrift_C pb_cpp thrift_cpp pb_perl thrift_perl pb_python thrift_python'
THRIFT='/usr/local/bin/thrift'
VERSION='Protocol Buffers/Thrift IDL files used across the CIF platform'
XSD2IDL='/usr/local/bin/xsd2idl'
XSDFILES=' ICSG-v1.7-2007.xsd MAEC-v2.xsd RFC4765-IDMEF-2007.xsd RFC5070-IODEF-v1.xsd'
ac_ct_CC='gcc'
ac_ct_CXX='g++'
am__EXEEXT_FALSE=''
am__EXEEXT_TRUE='#'
am__fastdepCC_FALSE=''
am__fastdepCC_TRUE='#'
am__fastdepCXX_FALSE=''
am__fastdepCXX_TRUE='#'
am__include='include'
am__isrc=''
am__leading_dot='.'
am__quote=''
am__tar='${AMTAR} chof - "$$tardir"'
am__untar='${AMTAR} xf -'
bindir='${exec_prefix}/bin'
build_alias=''
datadir='${datarootdir}'
datarootdir='${prefix}/share'
docdir='${datarootdir}/doc/${PACKAGE_TARNAME}'
dvidir='${docdir}'
exec_prefix='${prefix}'
host_alias=''
htmldir='${docdir}'
includedir='${prefix}/include'
infodir='${datarootdir}/info'
install_sh='${SHELL} /media/psf/Home/git/cif-protocol/install-sh'
libdir='${exec_prefix}/lib'
libexecdir='${exec_prefix}/libexec'
localedir='${datarootdir}/locale'
localstatedir='${prefix}/var'
mandir='${datarootdir}/man'
mkdir_p='/bin/mkdir -p'
oldincludedir='/usr/include'
pdfdir='${docdir}'
prefix='/usr/local'
program_transform_name='s,x,x,'
psdir='${docdir}'
sbindir='${exec_prefix}/sbin'
sharedstatedir='${prefix}/com'
sysconfdir='${prefix}/etc'
target_alias=''

## ----------- ##
## confdefs.h. ##
## ----------- ##

#define PACKAGE_NAME "cif-protocol"
#define PACKAGE_TARNAME "cif-protocol"
#define PACKAGE_VERSION "Protocol Buffers/Thrift IDL files used across the CIF platform"
#define PACKAGE_STRING "cif-protocol Protocol Buffers/Thrift IDL files used across the CIF platform"
#define PACKAGE_BUGREPORT "ci-framework@googlegroups.com"
#define PACKAGE "cif-protocol"
#define VERSION "Protocol Buffers/Thrift IDL files used across the CIF platform"

configure: exit 0
